android/app/build/intermediates/manifest_merge_blame_file/debug/manifest-merger-blame-debug-report.txt
1<?xml version="1.0" encoding="utf-8"?>
2<manifest xmlns:android="http://schemas.android.com/apk/res/android"
3    package="com.example.nativecode"
4    android:versionCode="1"
5    android:versionName="1.0.0" >
6
7    <uses-sdk
8        android:minSdkVersion="25"
9        android:targetSdkVersion="30" />
10    <!--
11         Flutter needs it to communicate with the running application
12         to allow setting breakpoints, to provide hot reload, etc.
13    -->
14    <uses-permission android:name="android.permission.INTERNET" />
14-->src\debug\AndroidManifest.xml:6:5-66
14-->src\debug\AndroidManifest.xml:6:22-64
15    <uses-permission android:name="android.permission.CALL_PHONE" />
15-->src\main\AndroidManifest.xml:4:5-69
15-->src\main\AndroidManifest.xml:4:22-66
16    <uses-permission android:name="android.permission.READ_PHONE_STATE" />
16-->src\main\AndroidManifest.xml:5:5-75
16-->src\main\AndroidManifest.xml:5:22-72
17    <uses-permission android:name="android.permission.PROCESS_OUTGOING_CALLS" />
17-->src\main\AndroidManifest.xml:6:5-80
17-->src\main\AndroidManifest.xml:6:22-78
18
19    <application
19-->src\main\AndroidManifest.xml:8:4-93:19
20        android:appComponentFactory="androidx.core.app.CoreComponentFactory"
20-->[androidx.core:core:1.7.0-rc01] AndroidManifest.xml:24:18-86
21        android:debuggable="true"
22        android:extractNativeLibs="false"
23        android:icon="@mipmap/ic_launcher"
23-->src\main\AndroidManifest.xml:10:9-43
24        android:label="nativecode" >
24-->src\main\AndroidManifest.xml:9:9-35
25
26        <!--
27         1 つ目のアクティビティである DialerActivity は、アプリのメイン エントリ ポイントです
28         — これはユーザーがランチャー アイコンから初めてアプリを起動したときに開くアクティビティです。
29        -->
30        <activity
30-->src\main\AndroidManifest.xml:13:9-72:20
31            android:name="com.example.nativecode.DialerActivity"
31-->src\main\AndroidManifest.xml:14:13-43
32            android:configChanges="orientation|keyboardHidden|keyboard|screenSize|smallestScreenSize|locale|layoutDirection|fontScale|screenLayout|density|uiMode"
32-->src\main\AndroidManifest.xml:17:13-163
33            android:hardwareAccelerated="true"
33-->src\main\AndroidManifest.xml:18:13-47
34            android:launchMode="singleTop"
34-->src\main\AndroidManifest.xml:15:13-43
35            android:theme="@style/LaunchTheme"
35-->src\main\AndroidManifest.xml:16:13-47
36            android:windowSoftInputMode="adjustResize" >
36-->src\main\AndroidManifest.xml:19:13-55
37
38            <!--
39                 Specifies an Android theme to apply to this Activity as soon as
40                 the Android process has started. This theme is visible to the user
41                 while the Flutter UI initializes. After that, this theme continues
42                 to determine the Window background behind the Flutter UI.
43            -->
44            <meta-data
44-->src\main\AndroidManifest.xml:24:13-27:17
45                android:name="io.flutter.embedding.android.NormalTheme"
45-->src\main\AndroidManifest.xml:25:15-70
46                android:resource="@style/NormalTheme" />
46-->src\main\AndroidManifest.xml:26:15-52
47            <!--
48                 Displays an Android View that continues showing the launch screen
49                 Drawable until Flutter paints its first frame, then this splash
50                 screen fades out. A splash screen is useful to avoid any visual
51                 gap between the end of Android's launch screen and the painting of
52                 Flutter's first frame.
53            -->
54            <meta-data
54-->src\main\AndroidManifest.xml:33:13-36:17
55                android:name="io.flutter.embedding.android.SplashScreenDrawable"
55-->src\main\AndroidManifest.xml:34:15-79
56                android:resource="@drawable/launch_background" />
56-->src\main\AndroidManifest.xml:35:15-61
57
58            <!--
59             Intent はコンポーネント間の通知に使われる。
60             Intent の日本語訳は、意図や意思。 Intent はコンポーネント間を伝わる意思ということ。
61            -->
62            <!-- 暗黙的インテントに対し、起動される側のアプリを作るには intent-filter を AndroidManifest.xml に指定する。 -->
63            <!-- intent-filterとは受け取るインテントをフィルタリングするものと言える。 -->
64            <intent-filter>
64-->src\main\AndroidManifest.xml:42:13-51:29
65
66                <!--
67                ACTION_MAIN アクションにより、これがメインのエントリ ポイントで、
68                インテント データはないことが示されています。
69                -->
70                <action android:name="android.intent.action.MAIN" />
70-->src\main\AndroidManifest.xml:45:17-68
70-->src\main\AndroidManifest.xml:45:25-66
71                <!--
72                CATEGORY_LAUNCHER カテゴリにより、このアクティビティのアイコンを
73                システムのアプリ ランチャーに配置するべきことが示されています。
74                <activity> 要素が icon でアイコンを指定していない場合、システムは 
75                <application> 要素のアイコンを使用します。
76                -->
77                <category android:name="android.intent.category.LAUNCHER" />
77-->src\main\AndroidManifest.xml:50:17-76
77-->src\main\AndroidManifest.xml:50:27-74
78            </intent-filter>
79            <intent-filter>
79-->src\main\AndroidManifest.xml:53:13-63:29
80
81                <!-- Handle links from other applications -->
82                <!-- 他のアプリケーション(Flutter)からのリンクを処理する -->
83                <action android:name="android.intent.action.VIEW" />
83-->src\main\AndroidManifest.xml:56:17-69
83-->src\main\AndroidManifest.xml:56:25-66
84
85                <category android:name="android.intent.category.LAUNCHER" />
85-->src\main\AndroidManifest.xml:50:17-76
85-->src\main\AndroidManifest.xml:50:27-74
86                <!-- Populate the system chooser -->
87                <action android:name="android.intent.action.DIAL" />
87-->src\main\AndroidManifest.xml:59:17-69
87-->src\main\AndroidManifest.xml:59:25-66
88
89                <category android:name="android.intent.category.DEFAULT" />
89-->src\main\AndroidManifest.xml:60:17-76
89-->src\main\AndroidManifest.xml:60:27-73
90
91                <action android:name="android.intent.action.CALL_PRIVILEGED" />
91-->src\main\AndroidManifest.xml:61:17-80
91-->src\main\AndroidManifest.xml:61:25-77
92
93                <data android:scheme="tel" />
93-->src\main\AndroidManifest.xml:62:17-46
93-->src\main\AndroidManifest.xml:62:23-43
94-->
95            </intent-filter>
96            <intent-filter>
96-->src\main\AndroidManifest.xml:65:13-70:29
97
98                <!-- Handle links from this applications -->
99                <!-- このアプリケーション(DialActivity.java)からのリンクを処理する -->
100                <action android:name="android.intent.action.DIAL" />
100-->src\main\AndroidManifest.xml:59:17-69
100-->src\main\AndroidManifest.xml:59:25-66
101
102                <category android:name="android.intent.category.DEFAULT" />
102-->src\main\AndroidManifest.xml:60:17-76
102-->src\main\AndroidManifest.xml:60:27-73
103            </intent-filter>
104        </activity>
105        <activity android:name="com.example.nativecode.CallActivity" />
105-->src\main\AndroidManifest.xml:73:9-50
105-->src\main\AndroidManifest.xml:73:19-47
106        <!--
107        <service
108            android:name=".CallService"
109            android:permission="android.permission.BIND_INCALL_SERVICE">
110            <meta-data
111                android:name="android.telecom.IN_CALL_SERVICE_UI"
112                android:value="true" />
113            <intent-filter>
114                <action android:name="android.telecom.InCallService" />
115            </intent-filter>
116        </service>
117        -->
118
119
120        <!--
121             Don't delete the meta-data below.
122             This is used by the Flutter tool to generate GeneratedPluginRegistrant.java
123        -->
124        <meta-data
124-->src\main\AndroidManifest.xml:90:9-92:33
125            android:name="flutterEmbedding"
125-->src\main\AndroidManifest.xml:91:13-44
126            android:value="2" />
126-->src\main\AndroidManifest.xml:92:13-30
127
128        <provider
128-->[androidx.lifecycle:lifecycle-process:2.2.0] AndroidManifest.xml:25:9-29:43
129            android:name="androidx.lifecycle.ProcessLifecycleOwnerInitializer"
129-->[androidx.lifecycle:lifecycle-process:2.2.0] AndroidManifest.xml:26:13-79
130            android:authorities="com.example.nativecode.lifecycle-process"
130-->[androidx.lifecycle:lifecycle-process:2.2.0] AndroidManifest.xml:27:13-69
131            android:exported="false"
131-->[androidx.lifecycle:lifecycle-process:2.2.0] AndroidManifest.xml:28:13-37
132            android:multiprocess="true" />
132-->[androidx.lifecycle:lifecycle-process:2.2.0] AndroidManifest.xml:29:13-40
133    </application>
134
135</manifest>